<?xml version="1.0" encoding="UTF-8"?>
<testsuite xmlns:xsi="http://www.w3.org/2001/XMLSchema-instance" xsi:noNamespaceSchemaLocation="https://maven.apache.org/surefire/maven-surefire-plugin/xsd/surefire-test-report-3.0.xsd" version="3.0" name="com.bookingsystem.BookingSystem.controller.BookControllerTest" time="3.197" tests="10" errors="0" skipped="0" failures="0">
  <properties>
[...]
</properties>
  <testcase name="deleteBook_shouldReturnNotFound" classname="com.bookingsystem.BookingSystem.controller.BookControllerTest" time="0.414">
    <system-out><![CDATA[2024-06-09T23:18:07.040-06:00  INFO 1156 --- [BookingSystem] [           main] t.c.s.AnnotationConfigContextLoaderUtils : Could not detect default configuration classes for test class [com.bookingsystem.BookingSystem.controller.BookControllerTest]: BookControllerTest does not declare any static, non-private, non-final, nested classes annotated with @Configuration.
2024-06-09T23:18:07.131-06:00  INFO 1156 --- [BookingSystem] [           main] .b.t.c.SpringBootTestContextBootstrapper : Found @SpringBootConfiguration com.bookingsystem.BookingSystem.BookingSystemApplication for test class com.bookingsystem.BookingSystem.controller.BookControllerTest

  .   ____          _            __ _ _
 /\\ / ___'_ __ _ _(_)_ __  __ _ \ \ \ \
( ( )\___ | '_ | '_| | '_ \/ _` | \ \ \ \
 \\/  ___)| |_)| | | | | || (_| |  ) ) ) )
  '  |____| .__|_| |_|_| |_\__, | / / / /
 =========|_|==============|___/=/_/_/_/
 :: Spring Boot ::                (v3.2.5)

2024-06-09T23:18:07.230-06:00  INFO 1156 --- [BookingSystem] [           main] c.b.B.controller.BookControllerTest      : Starting BookControllerTest using Java 21.0.3 with PID 1156 (started by Josue.Garcia in D:\Cursos\NTCL - Java Backend Spring Boot Developer Mid Level\Actividades\Clase 9\BookingSystem)
2024-06-09T23:18:07.230-06:00  INFO 1156 --- [BookingSystem] [           main] c.b.B.controller.BookControllerTest      : No active profile set, falling back to 1 default profile: "default"
2024-06-09T23:18:08.166-06:00  WARN 1156 --- [BookingSystem] [           main] .s.s.UserDetailsServiceAutoConfiguration : 

Using generated security password: f29a1e8f-8c35-4acb-aa68-94d560bf59e0

This generated password is for development use only. Your security configuration must be updated before running your application in production.

2024-06-09T23:18:08.516-06:00  INFO 1156 --- [BookingSystem] [           main] o.s.s.web.DefaultSecurityFilterChain     : Will secure any request with [org.springframework.security.web.session.DisableEncodeUrlFilter@24602d7a, org.springframework.security.web.context.request.async.WebAsyncManagerIntegrationFilter@52fb37d7, org.springframework.security.web.context.SecurityContextHolderFilter@5379839c, org.springframework.security.web.header.HeaderWriterFilter@2265792c, org.springframework.web.filter.CorsFilter@6c4ffcf0, org.springframework.security.web.authentication.logout.LogoutFilter@4977e352, org.springframework.security.web.savedrequest.RequestCacheAwareFilter@36eff8df, org.springframework.security.web.servletapi.SecurityContextHolderAwareRequestFilter@5fa851ac, org.springframework.security.web.authentication.AnonymousAuthenticationFilter@fba5072, org.springframework.security.web.access.ExceptionTranslationFilter@56e7f92f, org.springframework.security.web.access.intercept.AuthorizationFilter@1d2fd73c]
2024-06-09T23:18:08.805-06:00  INFO 1156 --- [BookingSystem] [           main] o.s.b.t.m.w.SpringBootMockServletContext : Initializing Spring TestDispatcherServlet ''
2024-06-09T23:18:08.806-06:00  INFO 1156 --- [BookingSystem] [           main] o.s.t.web.servlet.TestDispatcherServlet  : Initializing Servlet ''
2024-06-09T23:18:08.810-06:00  INFO 1156 --- [BookingSystem] [           main] o.s.t.web.servlet.TestDispatcherServlet  : Completed initialization in 4 ms
2024-06-09T23:18:08.848-06:00  INFO 1156 --- [BookingSystem] [           main] c.b.B.controller.BookControllerTest      : Started BookControllerTest in 1.707 seconds (process running for 13.194)
]]></system-out>
  </testcase>
  <testcase name="createBook_shouldReturnCreatedBook" classname="com.bookingsystem.BookingSystem.controller.BookControllerTest" time="0.643"/>
  <testcase name="updateUser_shouldReturnUpdatedUser" classname="com.bookingsystem.BookingSystem.controller.BookControllerTest" time="0.037"/>
  <testcase name="deleteBook_shouldReturnOk" classname="com.bookingsystem.BookingSystem.controller.BookControllerTest" time="0.021"/>
  <testcase name="getBookById_shouldReturnBook" classname="com.bookingsystem.BookingSystem.controller.BookControllerTest" time="0.029"/>
  <testcase name="updateBook_shouldReturnNotFound" classname="com.bookingsystem.BookingSystem.controller.BookControllerTest" time="0.033"/>
  <testcase name="getAllUser_shouldReturnListOfBook" classname="com.bookingsystem.BookingSystem.controller.BookControllerTest" time="0.062"/>
  <testcase name="searchBooksByTitle_shouldReturnBooks" classname="com.bookingsystem.BookingSystem.controller.BookControllerTest" time="0.029"/>
  <testcase name="getBookById_shouldReturnNotFound" classname="com.bookingsystem.BookingSystem.controller.BookControllerTest" time="0.018"/>
  <testcase name="searchBooksByAuthor_shouldReturnBooks" classname="com.bookingsystem.BookingSystem.controller.BookControllerTest" time="0.02"/>
</testsuite>