<?xml version="1.0" encoding="UTF-8"?>
<testsuite xmlns:xsi="http://www.w3.org/2001/XMLSchema-instance" xsi:noNamespaceSchemaLocation="https://maven.apache.org/surefire/maven-surefire-plugin/xsd/surefire-test-report-3.0.xsd" version="3.0" name="com.bookingsystem.BookingSystem.controller.LoanControllerTest" time="1.122" tests="10" errors="0" skipped="0" failures="0">
  <properties>
[...]
</properties>
  <testcase name="getAllLoans_shouldReturnListOfLoans" classname="com.bookingsystem.BookingSystem.controller.LoanControllerTest" time="0.039">
    <system-out><![CDATA[2024-06-16T18:31:57.647-06:00  INFO 9160 --- [BookingSystem] [           main] t.c.s.AnnotationConfigContextLoaderUtils : Could not detect default configuration classes for test class [com.bookingsystem.BookingSystem.controller.LoanControllerTest]: LoanControllerTest does not declare any static, non-private, non-final, nested classes annotated with @Configuration.
2024-06-16T18:31:57.681-06:00  INFO 9160 --- [BookingSystem] [           main] .b.t.c.SpringBootTestContextBootstrapper : Found @SpringBootConfiguration com.bookingsystem.BookingSystem.BookingSystemApplication for test class com.bookingsystem.BookingSystem.controller.LoanControllerTest

  .   ____          _            __ _ _
 /\\ / ___'_ __ _ _(_)_ __  __ _ \ \ \ \
( ( )\___ | '_ | '_| | '_ \/ _` | \ \ \ \
 \\/  ___)| |_)| | | | | || (_| |  ) ) ) )
  '  |____| .__|_| |_|_| |_\__, | / / / /
 =========|_|==============|___/=/_/_/_/
 :: Spring Boot ::                (v3.2.5)

2024-06-16T18:31:57.759-06:00  INFO 9160 --- [BookingSystem] [           main] c.b.B.controller.LoanControllerTest      : Starting LoanControllerTest using Java 21.0.3 with PID 9160 (started by Josue.Garcia in D:\Cursos\NTCL - Java Backend Spring Boot Developer Mid Level\Actividades\Clase 9\BookingSystem)
2024-06-16T18:31:57.759-06:00  INFO 9160 --- [BookingSystem] [           main] c.b.B.controller.LoanControllerTest      : No active profile set, falling back to 1 default profile: "default"
2024-06-16T18:31:58.361-06:00  WARN 9160 --- [BookingSystem] [           main] .s.s.UserDetailsServiceAutoConfiguration : 

Using generated security password: 82a2918b-39ed-4180-b2ee-09c62bc1ccd0

This generated password is for development use only. Your security configuration must be updated before running your application in production.

2024-06-16T18:31:58.450-06:00  INFO 9160 --- [BookingSystem] [           main] o.s.s.web.DefaultSecurityFilterChain     : Will secure any request with [org.springframework.security.web.session.DisableEncodeUrlFilter@63e64235, org.springframework.security.web.context.request.async.WebAsyncManagerIntegrationFilter@57ab8f82, org.springframework.security.web.context.SecurityContextHolderFilter@4bb1d848, org.springframework.security.web.header.HeaderWriterFilter@281a0c26, org.springframework.web.filter.CorsFilter@49fdc88e, org.springframework.security.web.authentication.logout.LogoutFilter@61fab063, org.springframework.security.web.savedrequest.RequestCacheAwareFilter@9fd2090, org.springframework.security.web.servletapi.SecurityContextHolderAwareRequestFilter@5ccf13a9, org.springframework.security.web.authentication.AnonymousAuthenticationFilter@43874d7f, org.springframework.security.web.access.ExceptionTranslationFilter@3f8d5d43, org.springframework.security.web.access.intercept.AuthorizationFilter@2595ecb2]
2024-06-16T18:31:58.520-06:00  INFO 9160 --- [BookingSystem] [           main] o.s.b.t.m.w.SpringBootMockServletContext : Initializing Spring TestDispatcherServlet ''
2024-06-16T18:31:58.520-06:00  INFO 9160 --- [BookingSystem] [           main] o.s.t.web.servlet.TestDispatcherServlet  : Initializing Servlet ''
2024-06-16T18:31:58.521-06:00  INFO 9160 --- [BookingSystem] [           main] o.s.t.web.servlet.TestDispatcherServlet  : Completed initialization in 0 ms
2024-06-16T18:31:58.531-06:00  INFO 9160 --- [BookingSystem] [           main] c.b.B.controller.LoanControllerTest      : Started LoanControllerTest in 0.839 seconds (process running for 18.21)
]]></system-out>
  </testcase>
  <testcase name="returnLoan_shouldReturnNotFound" classname="com.bookingsystem.BookingSystem.controller.LoanControllerTest" time="0.011"/>
  <testcase name="getLoansByUserId_shouldReturnListOfLoans" classname="com.bookingsystem.BookingSystem.controller.LoanControllerTest" time="0.009"/>
  <testcase name="createLoan_shouldReturnCreatedLoan" classname="com.bookingsystem.BookingSystem.controller.LoanControllerTest" time="0.051"/>
  <testcase name="getLoanById_shouldReturnLoan" classname="com.bookingsystem.BookingSystem.controller.LoanControllerTest" time="0.012"/>
  <testcase name="getLoansByBookId_shouldReturnListOfLoans" classname="com.bookingsystem.BookingSystem.controller.LoanControllerTest" time="0.014"/>
  <testcase name="getLoanById_shouldReturnNotFound" classname="com.bookingsystem.BookingSystem.controller.LoanControllerTest" time="0.011"/>
  <testcase name="createLoan_shouldReturnBadRequest_whenBookNotAvailable" classname="com.bookingsystem.BookingSystem.controller.LoanControllerTest" time="0.028"/>
  <testcase name="createLoan_shouldReturnBadRequest_whenResourceNotFound" classname="com.bookingsystem.BookingSystem.controller.LoanControllerTest" time="0.022"/>
  <testcase name="returnLoan_shouldReturnSuccess" classname="com.bookingsystem.BookingSystem.controller.LoanControllerTest" time="0.011"/>
</testsuite>